2025-12-21 18:05:27 [error]: unhandledRejection: Release called on client which has already been released to the pool.
Error: Release called on client which has already been released to the pool.
    at throwOnDoubleRelease (C:\Users\win\Downloads\Global-Advertising-Platform-d9586aca12844d7c7dbe1a70fb43f4a241df4343\backend\node_modules\pg-pool\index.js:27:9)
    at Client.release (C:\Users\win\Downloads\Global-Advertising-Platform-d9586aca12844d7c7dbe1a70fb43f4a241df4343\backend\node_modules\pg-pool\index.js:338:9)
    at file:///C:/Users/win/Downloads/Global-Advertising-Platform-d9586aca12844d7c7dbe1a70fb43f4a241df4343/backend/routes/territories.js:503:20
    at process.processTicksAndRejections (node:internal/process/task_queues:105:5)
Error: Release called on client which has already been released to the pool.
    at throwOnDoubleRelease (C:\Users\win\Downloads\Global-Advertising-Platform-d9586aca12844d7c7dbe1a70fb43f4a241df4343\backend\node_modules\pg-pool\index.js:27:9)
    at Client.release (C:\Users\win\Downloads\Global-Advertising-Platform-d9586aca12844d7c7dbe1a70fb43f4a241df4343\backend\node_modules\pg-pool\index.js:338:9)
    at file:///C:/Users/win/Downloads/Global-Advertising-Platform-d9586aca12844d7c7dbe1a70fb43f4a241df4343/backend/routes/territories.js:503:20
    at process.processTicksAndRejections (node:internal/process/task_queues:105:5) {"error":{},"rejection":true,"date":"Sun Dec 21 2025 18:05:27 GMT+0900 (대한민국 표준시)","process":{"pid":16660,"uid":null,"gid":null,"cwd":"C:\\Users\\win\\Downloads\\Global-Advertising-Platform-d9586aca12844d7c7dbe1a70fb43f4a241df4343\\backend","execPath":"C:\\Program Files\\nodejs\\node.exe","version":"v22.13.1","argv":["C:\\Program Files\\nodejs\\node.exe","C:\\Users\\win\\Downloads\\Global-Advertising-Platform-d9586aca12844d7c7dbe1a70fb43f4a241df4343\\backend\\server.js"],"memoryUsage":{"rss":138059776,"heapTotal":94105600,"heapUsed":58421968,"external":7498437,"arrayBuffers":3778824}},"os":{"loadavg":[0,0,0],"uptime":1310551.546},"trace":[{"column":9,"file":"C:\\Users\\win\\Downloads\\Global-Advertising-Platform-d9586aca12844d7c7dbe1a70fb43f4a241df4343\\backend\\node_modules\\pg-pool\\index.js","function":"throwOnDoubleRelease","line":27,"method":null,"native":false},{"column":9,"file":"C:\\Users\\win\\Downloads\\Global-Advertising-Platform-d9586aca12844d7c7dbe1a70fb43f4a241df4343\\backend\\node_modules\\pg-pool\\index.js","function":"Client.release","line":338,"method":"release","native":false},{"column":20,"file":"file:///C:/Users/win/Downloads/Global-Advertising-Platform-d9586aca12844d7c7dbe1a70fb43f4a241df4343/backend/routes/territories.js","function":null,"line":503,"method":null,"native":false},{"column":5,"file":"node:internal/process/task_queues","function":"process.processTicksAndRejections","line":105,"method":"processTicksAndRejections","native":false}]}
2025-12-21 18:07:21 [error]: unhandledRejection: Release called on client which has already been released to the pool.
Error: Release called on client which has already been released to the pool.
    at throwOnDoubleRelease (C:\Users\win\Downloads\Global-Advertising-Platform-d9586aca12844d7c7dbe1a70fb43f4a241df4343\backend\node_modules\pg-pool\index.js:27:9)
    at Client.release (C:\Users\win\Downloads\Global-Advertising-Platform-d9586aca12844d7c7dbe1a70fb43f4a241df4343\backend\node_modules\pg-pool\index.js:338:9)
    at file:///C:/Users/win/Downloads/Global-Advertising-Platform-d9586aca12844d7c7dbe1a70fb43f4a241df4343/backend/routes/territories.js:522:20
    at process.processTicksAndRejections (node:internal/process/task_queues:105:5)
Error: Release called on client which has already been released to the pool.
    at throwOnDoubleRelease (C:\Users\win\Downloads\Global-Advertising-Platform-d9586aca12844d7c7dbe1a70fb43f4a241df4343\backend\node_modules\pg-pool\index.js:27:9)
    at Client.release (C:\Users\win\Downloads\Global-Advertising-Platform-d9586aca12844d7c7dbe1a70fb43f4a241df4343\backend\node_modules\pg-pool\index.js:338:9)
    at file:///C:/Users/win/Downloads/Global-Advertising-Platform-d9586aca12844d7c7dbe1a70fb43f4a241df4343/backend/routes/territories.js:522:20
    at process.processTicksAndRejections (node:internal/process/task_queues:105:5) {"error":{},"rejection":true,"date":"Sun Dec 21 2025 18:07:21 GMT+0900 (대한민국 표준시)","process":{"pid":6948,"uid":null,"gid":null,"cwd":"C:\\Users\\win\\Downloads\\Global-Advertising-Platform-d9586aca12844d7c7dbe1a70fb43f4a241df4343\\backend","execPath":"C:\\Program Files\\nodejs\\node.exe","version":"v22.13.1","argv":["C:\\Program Files\\nodejs\\node.exe","C:\\Users\\win\\Downloads\\Global-Advertising-Platform-d9586aca12844d7c7dbe1a70fb43f4a241df4343\\backend\\server.js"],"memoryUsage":{"rss":78467072,"heapTotal":32862208,"heapUsed":29969856,"external":3916051,"arrayBuffers":199697}},"os":{"loadavg":[0,0,0],"uptime":1310665.515},"trace":[{"column":9,"file":"C:\\Users\\win\\Downloads\\Global-Advertising-Platform-d9586aca12844d7c7dbe1a70fb43f4a241df4343\\backend\\node_modules\\pg-pool\\index.js","function":"throwOnDoubleRelease","line":27,"method":null,"native":false},{"column":9,"file":"C:\\Users\\win\\Downloads\\Global-Advertising-Platform-d9586aca12844d7c7dbe1a70fb43f4a241df4343\\backend\\node_modules\\pg-pool\\index.js","function":"Client.release","line":338,"method":"release","native":false},{"column":20,"file":"file:///C:/Users/win/Downloads/Global-Advertising-Platform-d9586aca12844d7c7dbe1a70fb43f4a241df4343/backend/routes/territories.js","function":null,"line":522,"method":null,"native":false},{"column":5,"file":"node:internal/process/task_queues","function":"process.processTicksAndRejections","line":105,"method":"processTicksAndRejections","native":false}]}
2025-12-21 18:09:02 [error]: unhandledRejection: Release called on client which has already been released to the pool.
Error: Release called on client which has already been released to the pool.
    at throwOnDoubleRelease (C:\Users\win\Downloads\Global-Advertising-Platform-d9586aca12844d7c7dbe1a70fb43f4a241df4343\backend\node_modules\pg-pool\index.js:27:9)
    at Client.release (C:\Users\win\Downloads\Global-Advertising-Platform-d9586aca12844d7c7dbe1a70fb43f4a241df4343\backend\node_modules\pg-pool\index.js:338:9)
    at file:///C:/Users/win/Downloads/Global-Advertising-Platform-d9586aca12844d7c7dbe1a70fb43f4a241df4343/backend/routes/territories.js:535:20
    at process.processTicksAndRejections (node:internal/process/task_queues:105:5)
Error: Release called on client which has already been released to the pool.
    at throwOnDoubleRelease (C:\Users\win\Downloads\Global-Advertising-Platform-d9586aca12844d7c7dbe1a70fb43f4a241df4343\backend\node_modules\pg-pool\index.js:27:9)
    at Client.release (C:\Users\win\Downloads\Global-Advertising-Platform-d9586aca12844d7c7dbe1a70fb43f4a241df4343\backend\node_modules\pg-pool\index.js:338:9)
    at file:///C:/Users/win/Downloads/Global-Advertising-Platform-d9586aca12844d7c7dbe1a70fb43f4a241df4343/backend/routes/territories.js:535:20
    at process.processTicksAndRejections (node:internal/process/task_queues:105:5) {"error":{},"rejection":true,"date":"Sun Dec 21 2025 18:09:02 GMT+0900 (대한민국 표준시)","process":{"pid":13124,"uid":null,"gid":null,"cwd":"C:\\Users\\win\\Downloads\\Global-Advertising-Platform-d9586aca12844d7c7dbe1a70fb43f4a241df4343\\backend","execPath":"C:\\Program Files\\nodejs\\node.exe","version":"v22.13.1","argv":["C:\\Program Files\\nodejs\\node.exe","C:\\Users\\win\\Downloads\\Global-Advertising-Platform-d9586aca12844d7c7dbe1a70fb43f4a241df4343\\backend\\server.js"],"memoryUsage":{"rss":138981376,"heapTotal":95154176,"heapUsed":58201952,"external":7590622,"arrayBuffers":3871201}},"os":{"loadavg":[0,0,0],"uptime":1310766.25},"trace":[{"column":9,"file":"C:\\Users\\win\\Downloads\\Global-Advertising-Platform-d9586aca12844d7c7dbe1a70fb43f4a241df4343\\backend\\node_modules\\pg-pool\\index.js","function":"throwOnDoubleRelease","line":27,"method":null,"native":false},{"column":9,"file":"C:\\Users\\win\\Downloads\\Global-Advertising-Platform-d9586aca12844d7c7dbe1a70fb43f4a241df4343\\backend\\node_modules\\pg-pool\\index.js","function":"Client.release","line":338,"method":"release","native":false},{"column":20,"file":"file:///C:/Users/win/Downloads/Global-Advertising-Platform-d9586aca12844d7c7dbe1a70fb43f4a241df4343/backend/routes/territories.js","function":null,"line":535,"method":null,"native":false},{"column":5,"file":"node:internal/process/task_queues","function":"process.processTicksAndRejections","line":105,"method":"processTicksAndRejections","native":false}]}
2025-12-21 19:03:32 [error]: unhandledRejection: Release called on client which has already been released to the pool.
Error: Release called on client which has already been released to the pool.
    at throwOnDoubleRelease (C:\Users\win\Downloads\Global-Advertising-Platform-d9586aca12844d7c7dbe1a70fb43f4a241df4343\backend\node_modules\pg-pool\index.js:27:9)
    at Client.release (C:\Users\win\Downloads\Global-Advertising-Platform-d9586aca12844d7c7dbe1a70fb43f4a241df4343\backend\node_modules\pg-pool\index.js:338:9)
    at file:///C:/Users/win/Downloads/Global-Advertising-Platform-d9586aca12844d7c7dbe1a70fb43f4a241df4343/backend/routes/territories.js:538:20
    at process.processTicksAndRejections (node:internal/process/task_queues:105:5)
Error: Release called on client which has already been released to the pool.
    at throwOnDoubleRelease (C:\Users\win\Downloads\Global-Advertising-Platform-d9586aca12844d7c7dbe1a70fb43f4a241df4343\backend\node_modules\pg-pool\index.js:27:9)
    at Client.release (C:\Users\win\Downloads\Global-Advertising-Platform-d9586aca12844d7c7dbe1a70fb43f4a241df4343\backend\node_modules\pg-pool\index.js:338:9)
    at file:///C:/Users/win/Downloads/Global-Advertising-Platform-d9586aca12844d7c7dbe1a70fb43f4a241df4343/backend/routes/territories.js:538:20
    at process.processTicksAndRejections (node:internal/process/task_queues:105:5) {"error":{},"rejection":true,"date":"Sun Dec 21 2025 19:03:32 GMT+0900 (대한민국 표준시)","process":{"pid":35940,"uid":null,"gid":null,"cwd":"C:\\Users\\win\\Downloads\\Global-Advertising-Platform-d9586aca12844d7c7dbe1a70fb43f4a241df4343\\backend","execPath":"C:\\Program Files\\nodejs\\node.exe","version":"v22.13.1","argv":["C:\\Program Files\\nodejs\\node.exe","C:\\Users\\win\\Downloads\\Global-Advertising-Platform-d9586aca12844d7c7dbe1a70fb43f4a241df4343\\backend\\server.js"],"memoryUsage":{"rss":76967936,"heapTotal":32600064,"heapUsed":29981776,"external":3808360,"arrayBuffers":116660}},"os":{"loadavg":[0,0,0],"uptime":1314036.453},"trace":[{"column":9,"file":"C:\\Users\\win\\Downloads\\Global-Advertising-Platform-d9586aca12844d7c7dbe1a70fb43f4a241df4343\\backend\\node_modules\\pg-pool\\index.js","function":"throwOnDoubleRelease","line":27,"method":null,"native":false},{"column":9,"file":"C:\\Users\\win\\Downloads\\Global-Advertising-Platform-d9586aca12844d7c7dbe1a70fb43f4a241df4343\\backend\\node_modules\\pg-pool\\index.js","function":"Client.release","line":338,"method":"release","native":false},{"column":20,"file":"file:///C:/Users/win/Downloads/Global-Advertising-Platform-d9586aca12844d7c7dbe1a70fb43f4a241df4343/backend/routes/territories.js","function":null,"line":538,"method":null,"native":false},{"column":5,"file":"node:internal/process/task_queues","function":"process.processTicksAndRejections","line":105,"method":"processTicksAndRejections","native":false}]}
